2021-10-16T12:04:59.241Z [myBiolerPlate] [32minfo[39m:info Hello from winston
2021-10-16T12:04:59.635Z [myBiolerPlate] [31merror[39m:Error this is the error
2021-10-16T14:11:15.142Z [myBiolerPlate] [32minfo[39m:info Hello from winston
2021-10-16T14:11:15.428Z [myBiolerPlate] [31merror[39m:Error this is the error
2021-10-16T16:00:05.578Z [myBiolerPlate] [32minfo[39m:calling create user
2021-10-16T16:01:27.845Z [myBiolerPlate] [32minfo[39m:calling create user
2021-10-16T16:03:16.068Z [myBiolerPlate] [32minfo[39m:calling create user
2021-10-16T16:05:36.707Z [myBiolerPlate] [32minfo[39m:calling create user
2021-10-16T16:07:04.910Z [myBiolerPlate] [32minfo[39m:calling create user
2021-10-16T16:17:11.955Z [myBiolerPlate] [32minfo[39m:calling create user
2021-10-16T16:17:12.243Z [myBiolerPlate] [32minfo[39m:create user
2021-10-16T18:50:24.459Z [myBiolerPlate] [32minfo[39m:calling create user
2021-10-16T18:54:05.771Z [myBiolerPlate] [32minfo[39m:calling create user
2021-10-16T18:54:05.792Z [myBiolerPlate] [32minfo[39m:create user
2021-10-16T19:05:52.854Z [myBiolerPlate] [32minfo[39m:calling create user
2021-10-16T19:05:53.079Z [myBiolerPlate] [32minfo[39m:create user
2021-10-16T19:14:23.549Z [myBiolerPlate] [32minfo[39m:calling create user
2021-10-16T19:14:23.831Z [myBiolerPlate] [32minfo[39m:create user
2021-10-17T07:05:40.197Z [myBiolerPlate] [32minfo[39m:delete user
2021-10-17T07:06:17.647Z [myBiolerPlate] [32minfo[39m:delete user
2021-10-17T07:06:28.067Z [myBiolerPlate] [32minfo[39m:delete user
2021-10-17T07:06:37.860Z [myBiolerPlate] [32minfo[39m:delete user
2021-10-17T07:06:48.643Z [myBiolerPlate] [32minfo[39m:delete user
2021-10-17T07:08:50.555Z [myBiolerPlate] [32minfo[39m:calling create user
2021-10-17T07:08:50.558Z [myBiolerPlate] [32minfo[39m:create user
2021-10-17T07:14:04.257Z [myBiolerPlate] [32minfo[39m:calling create user
2021-10-17T07:14:04.326Z [myBiolerPlate] [32minfo[39m:create user
2021-10-17T07:14:15.147Z [myBiolerPlate] [32minfo[39m:calling create user
2021-10-17T07:26:39.560Z [myBiolerPlate] [32minfo[39m:calling create user
2021-10-17T07:26:39.760Z [myBiolerPlate] [32minfo[39m:create user
2021-10-17T07:31:01.248Z [myBiolerPlate] [32minfo[39m:delete user
2021-10-17T07:32:27.351Z [myBiolerPlate] [32minfo[39m:delete user
2021-10-17T07:33:27.961Z [myBiolerPlate] [32minfo[39m:delete user
2021-10-17T07:33:39.245Z [myBiolerPlate] [32minfo[39m:delete user
2021-10-17T07:36:54.533Z [myBiolerPlate] [32minfo[39m:delete user
2021-10-17T07:51:46.408Z [myBiolerPlate] [32minfo[39m:calling create user
2021-10-17T07:51:46.531Z [myBiolerPlate] [32minfo[39m:create user
2021-10-17T07:52:48.571Z [myBiolerPlate] [32minfo[39m:calling create user
2021-10-17T07:52:48.729Z [myBiolerPlate] [32minfo[39m:create user
2021-10-17T07:56:52.831Z [myBiolerPlate] [32minfo[39m:calling create user
2021-10-17T07:56:53.023Z [myBiolerPlate] [32minfo[39m:create user
2021-10-17T08:11:16.927Z [myBiolerPlate] [32minfo[39m:delete user
2021-10-17T08:12:43.861Z [myBiolerPlate] [32minfo[39m:delete user
2021-10-17T08:24:56.084Z [myBiolerPlate] [32minfo[39m:calling create user
2021-10-17T08:24:56.349Z [myBiolerPlate] [32minfo[39m:create user
2021-10-17T09:05:03.586Z [myBiolerPlate] [32minfo[39m:calling create user
2021-10-17T09:05:03.784Z [myBiolerPlate] [32minfo[39m:create user
2021-10-17T09:05:07.948Z [myBiolerPlate] [32minfo[39m:calling create user
2021-10-17T10:06:20.810Z [myBiolerPlate] [32minfo[39m:calling create user
2021-10-17T10:06:20.868Z [myBiolerPlate] [32minfo[39m:create user
2021-10-17T10:45:56.248Z [myBiolerPlate] [32minfo[39m:calling create user
2021-10-17T10:45:56.460Z [myBiolerPlate] [32minfo[39m:create user
2021-10-17T10:45:59.917Z [myBiolerPlate] [32minfo[39m:calling create user
2021-10-17T14:07:00.712Z [myBiolerPlate] [32minfo[39m:calling create user
2021-10-17T14:07:00.963Z [myBiolerPlate] [32minfo[39m:create user
2021-10-17T14:07:26.090Z [myBiolerPlate] [32minfo[39m:delete user
2021-10-17T14:07:50.720Z [myBiolerPlate] [32minfo[39m:calling create user
2021-10-17T14:07:50.784Z [myBiolerPlate] [32minfo[39m:create user
2021-10-17T14:07:55.689Z [myBiolerPlate] [32minfo[39m:calling create user
2021-10-17T14:08:47.515Z [myBiolerPlate] [32minfo[39m:calling create user
2021-10-17T14:08:47.705Z [myBiolerPlate] [32minfo[39m:create user
2021-10-17T14:09:16.543Z [myBiolerPlate] [32minfo[39m:delete user
2021-10-17T14:10:11.651Z [myBiolerPlate] [32minfo[39m:delete user
2021-10-17T14:10:33.611Z [myBiolerPlate] [32minfo[39m:delete user
2021-10-17T14:40:33.838Z [myBiolerPlate] [32minfo[39m:delete user
2021-10-17T14:40:48.744Z [myBiolerPlate] [32minfo[39m:delete user
2021-10-17T14:40:54.128Z [myBiolerPlate] [32minfo[39m:delete user
2021-10-17T14:45:05.701Z [myBiolerPlate] [32minfo[39m:delete user
2021-10-17T14:49:42.088Z [myBiolerPlate] [32minfo[39m:delete user
2021-10-17T14:52:20.000Z [myBiolerPlate] [32minfo[39m:delete user
2021-10-17T15:35:18.711Z [myBiolerPlate] [32minfo[39m:delete user
2021-10-17T15:36:35.625Z [myBiolerPlate] [32minfo[39m:delete user
2021-10-17T15:50:57.691Z [myBiolerPlate] [32minfo[39m:delete user
2021-10-17T15:51:34.037Z [myBiolerPlate] [32minfo[39m:delete user
2021-10-17T15:53:48.677Z [myBiolerPlate] [32minfo[39m:delete user
2021-10-17T16:02:26.549Z [myBiolerPlate] [32minfo[39m:delete user
2021-10-17T16:04:46.933Z [myBiolerPlate] [32minfo[39m:delete user
2021-10-17T16:07:21.930Z [myBiolerPlate] [32minfo[39m:delete user
2021-10-17T16:19:07.712Z [myBiolerPlate] [32minfo[39m:delete user
2021-10-17T17:55:47.705Z [myBiolerPlate] [32minfo[39m:calling create user
2021-10-17T17:55:47.837Z [myBiolerPlate] [32minfo[39m:create user
2021-10-17T17:56:58.818Z [myBiolerPlate] [32minfo[39m:delete user
2021-10-17T18:00:43.741Z [myBiolerPlate] [32minfo[39m:calling create user
2021-10-17T18:00:43.851Z [myBiolerPlate] [32minfo[39m:create user
2021-10-17T18:00:46.357Z [myBiolerPlate] [32minfo[39m:calling create user
2021-10-17T18:01:19.663Z [myBiolerPlate] [32minfo[39m:delete user
2021-10-17T18:01:26.230Z [myBiolerPlate] [32minfo[39m:delete user
2021-10-17T18:03:26.827Z [myBiolerPlate] [32minfo[39m:delete user
2021-10-17T18:04:12.150Z [myBiolerPlate] [32minfo[39m:delete user
2021-10-17T18:05:54.680Z [myBiolerPlate] [32minfo[39m:delete user
2021-10-17T18:08:59.808Z [myBiolerPlate] [32minfo[39m:delete user
2021-10-17T18:13:43.296Z [myBiolerPlate] [32minfo[39m:delete user
2021-10-17T18:14:58.082Z [myBiolerPlate] [32minfo[39m:delete user
2021-10-17T18:15:12.947Z [myBiolerPlate] [32minfo[39m:delete user
2021-10-17T18:15:36.828Z [myBiolerPlate] [32minfo[39m:delete user
2021-10-17T18:17:58.895Z [myBiolerPlate] [32minfo[39m:delete user
2021-10-17T18:18:13.749Z [myBiolerPlate] [32minfo[39m:delete user
2021-10-17T18:18:20.976Z [myBiolerPlate] [32minfo[39m:delete user
2021-10-17T18:23:21.005Z [myBiolerPlate] [32minfo[39m:delete user
2021-10-17T18:23:26.563Z [myBiolerPlate] [32minfo[39m:delete user
2021-10-17T18:29:13.919Z [myBiolerPlate] [32minfo[39m:delete user
2021-10-17T18:29:27.562Z [myBiolerPlate] [32minfo[39m:delete user
2021-10-17T18:29:38.531Z [myBiolerPlate] [32minfo[39m:delete user
2021-10-17T18:32:04.709Z [myBiolerPlate] [32minfo[39m:delete user
2021-10-17T18:32:58.515Z [myBiolerPlate] [32minfo[39m:delete user
2021-10-17T18:33:52.497Z [myBiolerPlate] [32minfo[39m:delete user
2021-10-17T18:34:21.134Z [myBiolerPlate] [32minfo[39m:delete user
2021-10-17T18:34:38.040Z [myBiolerPlate] [32minfo[39m:delete user
2021-10-17T18:43:41.991Z [myBiolerPlate] [32minfo[39m:delete user
2021-10-17T18:44:50.264Z [myBiolerPlate] [32minfo[39m:delete user
2021-10-17T18:50:30.269Z [myBiolerPlate] [32minfo[39m:delete user
2021-10-17T19:23:55.561Z [myBiolerPlate] [32minfo[39m:calling create user
2021-10-17T19:23:55.576Z [myBiolerPlate] [32minfo[39m:create user
2021-10-17T19:25:20.330Z [myBiolerPlate] [32minfo[39m:calling create user
2021-10-17T19:29:57.212Z [myBiolerPlate] [32minfo[39m:calling create user
2021-10-17T19:29:57.343Z [myBiolerPlate] [32minfo[39m:create user
2021-10-17T19:40:02.423Z [myBiolerPlate] [32minfo[39m:calling create user
2021-10-17T19:40:02.547Z [myBiolerPlate] [32minfo[39m:create user
2021-10-17T19:43:23.890Z [myBiolerPlate] [32minfo[39m:delete user
2021-10-17T19:53:47.156Z [myBiolerPlate] [32minfo[39m:calling create user
2021-10-17T19:53:47.182Z [myBiolerPlate] [32minfo[39m:create user
2021-10-18T07:35:22.134Z [myBiolerPlate] [32minfo[39m:calling create user
2021-10-18T07:35:22.311Z [myBiolerPlate] [32minfo[39m:create user
2021-10-18T07:35:27.921Z [myBiolerPlate] [32minfo[39m:calling create user
2021-10-18T07:40:13.195Z [myBiolerPlate] [32minfo[39m:delete user
2021-10-18T07:47:21.728Z [myBiolerPlate] [32minfo[39m:calling create user
2021-10-18T07:47:22.027Z [myBiolerPlate] [32minfo[39m:create user
2021-10-18T07:50:21.115Z [myBiolerPlate] [32minfo[39m:calling create user
2021-10-18T07:50:21.144Z [myBiolerPlate] [32minfo[39m:create user
2021-10-18T07:50:24.313Z [myBiolerPlate] [32minfo[39m:calling create user
2021-10-18T11:48:22.290Z [myBiolerPlate] [32minfo[39m:calling create user
2021-10-18T11:48:22.350Z [myBiolerPlate] [32minfo[39m:create user
2021-10-18T11:51:58.633Z [myBiolerPlate] [32minfo[39m:calling create user
2021-10-18T11:51:59.020Z [myBiolerPlate] [32minfo[39m:create user
2021-10-18T11:54:35.254Z [myBiolerPlate] [32minfo[39m:calling create user
2021-10-18T11:54:35.270Z [myBiolerPlate] [32minfo[39m:create user
2021-10-18T12:00:27.331Z [myBiolerPlate] [32minfo[39m:calling create user
2021-10-18T12:00:27.435Z [myBiolerPlate] [32minfo[39m:create user
2021-10-18T12:04:08.761Z [myBiolerPlate] [32minfo[39m:calling create user
2021-10-18T12:04:08.999Z [myBiolerPlate] [32minfo[39m:create user
2021-10-18T12:06:31.320Z [myBiolerPlate] [32minfo[39m:calling create user
2021-10-18T12:06:31.481Z [myBiolerPlate] [32minfo[39m:create user
2021-10-18T14:09:04.236Z [myBiolerPlate] [32minfo[39m:calling create user
2021-10-18T14:09:04.336Z [myBiolerPlate] [32minfo[39m:create user
2021-10-18T14:09:13.478Z [myBiolerPlate] [32minfo[39m:calling create user
2021-10-18T14:10:17.756Z [myBiolerPlate] [32minfo[39m:delete user
2021-10-19T12:00:55.989Z [myBiolerPlate] [32minfo[39m:info Hello from winston
2021-10-19T12:00:56.049Z [myBiolerPlate] [31merror[39m:Error this is the error
2021-10-19T12:01:09.500Z [myBiolerPlate] [32minfo[39m:info Hello from winston
2021-10-19T12:01:09.505Z [myBiolerPlate] [31merror[39m:Error this is the error
2021-10-19T12:01:17.464Z [myBiolerPlate] [32minfo[39m:info Hello from winston
2021-10-19T12:01:17.500Z [myBiolerPlate] [31merror[39m:Error this is the error
2021-10-19T12:01:38.545Z [myBiolerPlate] [32minfo[39m:info Hello from winston
2021-10-19T12:01:38.632Z [myBiolerPlate] [31merror[39m:Error this is the error
2021-10-19T12:01:48.628Z [myBiolerPlate] [32minfo[39m:info Hello from winston
2021-10-19T12:01:48.647Z [myBiolerPlate] [31merror[39m:Error this is the error
2021-10-19T14:38:52.833Z [myBiolerPlate] [32minfo[39m:calling create user
2021-10-19T14:45:07.225Z [myBiolerPlate] [32minfo[39m:calling create user
2021-10-19T14:45:07.422Z [myBiolerPlate] [32minfo[39m:create user
2021-10-19T14:45:16.984Z [myBiolerPlate] [32minfo[39m:calling create user
2021-10-19T14:45:43.442Z [myBiolerPlate] [32minfo[39m:delete user
2021-10-19T18:18:15.306Z [myBiolerPlate] [32minfo[39m:info Hello from winston
2021-10-19T18:18:15.543Z [myBiolerPlate] [31merror[39m:Error this is the error
2021-10-19T18:42:07.483Z [myBiolerPlate] [32minfo[39m:calling create user
2021-10-19T18:42:07.689Z [myBiolerPlate] [32minfo[39m:create user
2021-10-19T18:42:12.044Z [myBiolerPlate] [32minfo[39m:calling create user
2021-10-19T18:44:37.540Z [myBiolerPlate] [32minfo[39m:delete user
2021-10-19T19:59:59.789Z [myBiolerPlate] [32minfo[39m:calling create user
2021-10-19T19:59:59.814Z [myBiolerPlate] [32minfo[39m:create user
2021-10-19T20:00:44.080Z [myBiolerPlate] [32minfo[39m:calling create user
2021-10-19T20:07:45.708Z [myBiolerPlate] [32minfo[39m:delete user
2021-10-24T09:02:49.008Z [myBiolerPlate] [32minfo[39m:info login control is working
2021-10-24T09:03:06.733Z [myBiolerPlate] [32minfo[39m:info login control is working
2021-10-24T09:06:54.367Z [myBiolerPlate] [32minfo[39m:info login control is working
2021-10-24T09:11:28.958Z [myBiolerPlate] [32minfo[39m:info login control is working
2021-10-24T09:15:22.091Z [myBiolerPlate] [32minfo[39m:info login control is working
2021-10-24T09:15:22.299Z [myBiolerPlate] [32minfo[39m:nfo the authentication is working
2021-10-24T09:17:13.512Z [myBiolerPlate] [32minfo[39m:info login control is working
2021-10-24T09:17:13.726Z [myBiolerPlate] [32minfo[39m:nfo the authentication is working
2021-10-24T09:18:36.049Z [myBiolerPlate] [32minfo[39m:info login control is working
2021-10-24T09:18:36.170Z [myBiolerPlate] [32minfo[39m:nfo the authentication is working
2021-10-24T13:31:43.500Z [myBiolerPlate] [32minfo[39m:info login control is working
2021-10-24T13:31:43.579Z [myBiolerPlate] [32minfo[39m:nfo the authentication is working
2021-10-24T13:48:06.479Z [myBiolerPlate] [32minfo[39m:info login control is working
2021-10-24T13:48:06.775Z [myBiolerPlate] [32minfo[39m:nfo the authentication is working
2021-10-24T13:48:20.995Z [myBiolerPlate] [32minfo[39m:info login control is working
2021-10-24T13:48:21.026Z [myBiolerPlate] [32minfo[39m:nfo the authentication is working
2021-10-24T13:50:36.927Z [myBiolerPlate] [32minfo[39m:info login control is working
2021-10-24T13:50:37.141Z [myBiolerPlate] [32minfo[39m:nfo the authentication is working
2021-10-24T14:13:11.234Z [myBiolerPlate] [32minfo[39m:info login control is working
2021-10-24T14:13:11.428Z [myBiolerPlate] [32minfo[39m:nfo the authentication is working
2021-10-24T14:13:24.423Z [myBiolerPlate] [32minfo[39m:info login control is working
2021-10-24T14:13:24.472Z [myBiolerPlate] [32minfo[39m:nfo the authentication is working
2021-10-24T14:15:33.088Z [myBiolerPlate] [32minfo[39m:info login control is working
2021-10-24T14:15:33.253Z [myBiolerPlate] [32minfo[39m:nfo the authentication is working
2021-10-24T14:17:27.666Z [myBiolerPlate] [32minfo[39m:info login control is working
2021-10-24T14:17:27.891Z [myBiolerPlate] [32minfo[39m:nfo the authentication is working
2021-10-24T14:34:48.583Z [myBiolerPlate] [32minfo[39m:info login control is working
2021-10-24T14:34:48.602Z [myBiolerPlate] [32minfo[39m:nfo the authentication is working
2021-10-24T14:41:29.608Z [myBiolerPlate] [32minfo[39m:info login control is working
2021-10-24T14:41:29.655Z [myBiolerPlate] [32minfo[39m:nfo the authentication is working
2021-10-24T14:41:54.021Z [myBiolerPlate] [32minfo[39m:info login control is working
2021-10-24T14:41:54.024Z [myBiolerPlate] [32minfo[39m:nfo the authentication is working
2021-10-24T14:44:37.723Z [myBiolerPlate] [32minfo[39m:info login control is working
2021-10-24T14:44:37.748Z [myBiolerPlate] [32minfo[39m:nfo the authentication is working
2021-10-24T14:44:49.779Z [myBiolerPlate] [32minfo[39m:info login control is working
2021-10-24T14:44:49.841Z [myBiolerPlate] [32minfo[39m:nfo the authentication is working
2021-10-24T14:46:59.989Z [myBiolerPlate] [32minfo[39m:info login control is working
2021-10-24T14:47:00.313Z [myBiolerPlate] [32minfo[39m:nfo the authentication is working
2021-10-24T14:47:13.162Z [myBiolerPlate] [32minfo[39m:info login control is working
2021-10-24T14:47:13.164Z [myBiolerPlate] [32minfo[39m:nfo the authentication is working
2021-10-24T15:52:51.557Z [myBiolerPlate] [32minfo[39m:info login control is working
2021-10-24T15:52:51.567Z [myBiolerPlate] [32minfo[39m:nfo the authentication is working
2021-10-24T18:17:02.179Z [myBiolerPlate] [32minfo[39m:info login control is working
2021-10-24T18:17:02.444Z [myBiolerPlate] [32minfo[39m:nfo the authentication is working
2021-10-24T18:17:44.323Z [myBiolerPlate] [32minfo[39m:info login control is working
2021-10-24T18:17:44.382Z [myBiolerPlate] [32minfo[39m:nfo the authentication is working
2021-10-24T18:19:48.136Z [myBiolerPlate] [32minfo[39m:info login control is working
2021-10-24T18:19:48.231Z [myBiolerPlate] [32minfo[39m:nfo the authentication is working
2021-10-24T18:20:42.943Z [myBiolerPlate] [32minfo[39m:info login control is working
2021-10-24T18:20:42.947Z [myBiolerPlate] [32minfo[39m:nfo the authentication is working
2021-10-24T18:21:11.465Z [myBiolerPlate] [32minfo[39m:info login control is working
2021-10-24T18:21:11.470Z [myBiolerPlate] [32minfo[39m:nfo the authentication is working
2021-10-24T18:21:28.502Z [myBiolerPlate] [32minfo[39m:info login control is working
2021-10-24T18:21:28.831Z [myBiolerPlate] [32minfo[39m:nfo the authentication is working
2021-10-24T18:22:08.562Z [myBiolerPlate] [32minfo[39m:info login control is working
2021-10-24T18:22:08.568Z [myBiolerPlate] [32minfo[39m:nfo the authentication is working
2021-10-24T19:54:29.979Z [myBiolerPlate] [32minfo[39m:info login control is working
2021-10-24T19:54:30.070Z [myBiolerPlate] [32minfo[39m:nfo the authentication is working
2021-10-24T19:54:43.282Z [myBiolerPlate] [32minfo[39m:info login control is working
2021-10-24T19:54:43.308Z [myBiolerPlate] [32minfo[39m:nfo the authentication is working
2021-10-24T19:58:06.679Z [myBiolerPlate] [32minfo[39m:info login control is working
2021-10-24T19:58:06.698Z [myBiolerPlate] [32minfo[39m:nfo the authentication is working
2021-10-24T19:58:23.745Z [myBiolerPlate] [32minfo[39m:info login control is working
2021-10-24T19:58:23.759Z [myBiolerPlate] [32minfo[39m:nfo the authentication is working
2021-10-24T19:59:09.089Z [myBiolerPlate] [32minfo[39m:info login control is working
2021-10-24T19:59:09.247Z [myBiolerPlate] [32minfo[39m:nfo the authentication is working
2021-10-24T19:59:19.092Z [myBiolerPlate] [32minfo[39m:info login control is working
2021-10-24T19:59:19.147Z [myBiolerPlate] [32minfo[39m:nfo the authentication is working
2021-10-24T20:15:19.958Z [myBiolerPlate] [32minfo[39m:info login control is working
2021-10-24T20:15:20.145Z [myBiolerPlate] [32minfo[39m:nfo the authentication is working
2021-10-24T20:19:04.198Z [myBiolerPlate] [32minfo[39m:info login control is working
2021-10-24T20:19:04.228Z [myBiolerPlate] [32minfo[39m:nfo the authentication is working
2021-10-24T20:29:49.070Z [myBiolerPlate] [32minfo[39m:info login control is working
2021-10-24T20:29:49.246Z [myBiolerPlate] [32minfo[39m:nfo the authentication is working
2021-10-25T05:49:58.349Z [myBiolerPlate] [32minfo[39m:info login control is working
2021-10-25T05:49:59.735Z [myBiolerPlate] [32minfo[39m:nfo the authentication is working
2021-10-25T05:52:33.476Z [myBiolerPlate] [32minfo[39m:info login control is working
2021-10-25T05:52:34.036Z [myBiolerPlate] [32minfo[39m:nfo the authentication is working
2021-10-25T05:52:55.751Z [myBiolerPlate] [32minfo[39m:info login control is working
2021-10-25T05:52:56.009Z [myBiolerPlate] [32minfo[39m:nfo the authentication is working
2021-10-25T06:06:28.098Z [myBiolerPlate] [32minfo[39m:info login control is working
2021-10-25T06:06:28.228Z [myBiolerPlate] [32minfo[39m:nfo the authentication is working
2021-10-25T06:06:42.069Z [myBiolerPlate] [32minfo[39m:info login control is working
2021-10-25T06:06:42.373Z [myBiolerPlate] [32minfo[39m:nfo the authentication is working
2021-10-25T06:19:09.441Z [myBiolerPlate] [32minfo[39m:info login control is working
2021-10-25T06:19:09.462Z [myBiolerPlate] [32minfo[39m:nfo the authentication is working
2021-10-25T06:19:40.479Z [myBiolerPlate] [32minfo[39m:info login control is working
2021-10-25T06:19:40.618Z [myBiolerPlate] [32minfo[39m:nfo the authentication is working
2021-10-25T07:26:16.562Z [myBiolerPlate] [32minfo[39m:info login control is working
2021-10-25T07:26:16.633Z [myBiolerPlate] [32minfo[39m:nfo the authentication is working
2021-10-25T07:26:27.495Z [myBiolerPlate] [32minfo[39m:info login control is working
2021-10-25T07:26:27.572Z [myBiolerPlate] [32minfo[39m:nfo the authentication is working
2021-10-25T07:38:21.501Z [myBiolerPlate] [32minfo[39m:info login control is working
2021-10-25T07:38:21.514Z [myBiolerPlate] [32minfo[39m:nfo the authentication is working
2021-10-25T07:38:48.608Z [myBiolerPlate] [32minfo[39m:info login control is working
2021-10-25T07:38:48.699Z [myBiolerPlate] [32minfo[39m:nfo the authentication is working
2021-10-25T07:40:14.787Z [myBiolerPlate] [32minfo[39m:info login control is working
2021-10-25T07:40:15.058Z [myBiolerPlate] [32minfo[39m:nfo the authentication is working
2021-10-25T07:50:38.107Z [myBiolerPlate] [32minfo[39m:info login control is working
2021-10-25T07:50:38.117Z [myBiolerPlate] [32minfo[39m:nfo the authentication is working
2021-10-25T08:13:26.106Z [myBiolerPlate] [32minfo[39m:info login control is working
2021-10-25T08:13:26.362Z [myBiolerPlate] [32minfo[39m:nfo the authentication is working
2021-10-27T07:50:33.109Z [myBiolerPlate] [32minfo[39m:info login control is working
2021-10-27T07:50:33.385Z [myBiolerPlate] [32minfo[39m:nfo the authentication is working
2021-10-27T07:53:18.798Z [myBiolerPlate] [32minfo[39m:info login control is working
2021-10-27T07:53:19.371Z [myBiolerPlate] [32minfo[39m:nfo the authentication is working
2021-10-27T07:54:22.711Z [myBiolerPlate] [32minfo[39m:info login control is working
2021-10-27T07:54:23.168Z [myBiolerPlate] [32minfo[39m:nfo the authentication is working
2021-10-27T07:54:35.776Z [myBiolerPlate] [32minfo[39m:info login control is working
2021-10-27T07:54:35.984Z [myBiolerPlate] [32minfo[39m:nfo the authentication is working
2021-10-27T07:56:26.748Z [myBiolerPlate] [32minfo[39m:info login control is working
2021-10-27T07:56:27.099Z [myBiolerPlate] [32minfo[39m:nfo the authentication is working
2021-10-27T08:02:34.042Z [myBiolerPlate] [32minfo[39m:info login control is working
2021-10-27T08:02:34.073Z [myBiolerPlate] [32minfo[39m:nfo the authentication is working
2021-10-27T08:17:53.166Z [myBiolerPlate] [32minfo[39m:info login control is working
2021-10-27T08:17:53.197Z [myBiolerPlate] [32minfo[39m:nfo the authentication is working
2021-10-27T08:24:49.185Z [myBiolerPlate] [32minfo[39m:info login control is working
2021-10-27T08:24:49.632Z [myBiolerPlate] [32minfo[39m:nfo the authentication is working
2021-10-27T08:29:11.444Z [myBiolerPlate] [32minfo[39m:info login control is working
2021-10-27T08:29:11.925Z [myBiolerPlate] [32minfo[39m:nfo the authentication is working
2021-10-27T11:14:27.281Z [myBiolerPlate] [32minfo[39m:delete user
